<?xml version="1.0" encoding="UTF-8"?>
<!-- Generated by org.testng.reporters.JUnitReportReporter -->
<testsuite hostname="DESKTOP-56HO2UA" failures="0" tests="2" name="com.TestNG.Simple" time="1.323" errors="0" timestamp="2023-11-22T10:46:14 IST" skipped="0">
  <testcase classname="com.TestNG.Simple" name="simple1" time="0.756"/>
  <system-out/>
  <testcase classname="com.TestNG.Simple" name="simple2" time="0.567"/>
  <system-out/>
</testsuite> <!-- com.TestNG.Simple -->
