<?xml version="1.0" encoding="UTF-8"?>
<!-- Generated by org.testng.reporters.JUnitReportReporter -->
<testsuite hostname="DESKTOP-56HO2UA" failures="0" tests="4" name="com.TestNG.Demo" time="5.297" errors="0" timestamp="2023-11-23T15:07:34 IST" skipped="0">
  <testcase classname="com.TestNG.Demo" name="demo1" time="1.650"/>
  <system-out/>
  <testcase classname="com.TestNG.Demo" name="demo2" time="1.069"/>
  <system-out/>
  <testcase classname="com.TestNG.Demo" name="demo2" time="1.458"/>
  <system-out/>
  <testcase classname="com.TestNG.Demo" name="demo1" time="1.120"/>
  <system-out/>
</testsuite> <!-- com.TestNG.Demo -->
