<?xml version="1.0" encoding="UTF-8"?>
<!-- Generated by org.testng.reporters.JUnitReportReporter -->
<testsuite hostname="DESKTOP-56HO2UA" failures="0" tests="4" name="com.TestNG.Practice" time="6.563" errors="0" timestamp="2023-11-23T15:07:34 IST" skipped="0">
  <testcase classname="com.TestNG.Practice" name="practice1" time="1.259"/>
  <system-out/>
  <testcase classname="com.TestNG.Practice" name="practice1" time="1.238"/>
  <system-out/>
  <testcase classname="com.TestNG.Practice" name="practice2" time="2.085"/>
  <system-out/>
  <testcase classname="com.TestNG.Practice" name="practice2" time="1.981"/>
  <system-out/>
</testsuite> <!-- com.TestNG.Practice -->
