<?xml version="1.0" encoding="UTF-8"?>
<!-- Generated by org.testng.reporters.JUnitReportReporter -->
<testsuite hostname="DESKTOP-56HO2UA" failures="0" tests="4" name="com.TestNG.PracticeTestNg" time="0.034" errors="0" timestamp="2023-11-20T12:06:07 IST" skipped="0">
  <testcase classname="com.TestNG.PracticeTestNg" name="MidifyTest" time="0.020"/>
  <system-out>
    <![CDATA[Modify]]>
  </system-out>
  <testcase classname="com.TestNG.PracticeTestNg" name="deleteTest" time="0.006"/>
  <system-out>
    <![CDATA[delate]]>
  </system-out>
  <testcase classname="com.TestNG.PracticeTestNg" name="editTest" time="0.002"/>
  <system-out>
    <![CDATA[edit]]>
  </system-out>
  <testcase classname="com.TestNG.PracticeTestNg" name="createTest" time="0.006"/>
  <system-out>
    <![CDATA[create]]>
  </system-out>
</testsuite> <!-- com.TestNG.PracticeTestNg -->
