<?xml version="1.0" encoding="UTF-8"?>
<!-- Generated by org.testng.reporters.JUnitReportReporter -->
<testsuite hostname="DESKTOP-56HO2UA" failures="0" tests="1" name="com.databasepractice.pakageTest.CmdParameterTest" time="3.272" errors="0" timestamp="2023-11-11T10:25:57 IST" skipped="0">
  <testcase classname="com.databasepractice.pakageTest.CmdParameterTest" name="cmdParameterTest" time="3.272"/>
  <system-out/>
</testsuite> <!-- com.databasepractice.pakageTest.CmdParameterTest -->
