<?xml version="1.0" encoding="UTF-8"?>
<!-- Generated by org.testng.reporters.JUnitReportReporter -->
<testsuite hostname="DESKTOP-56HO2UA" failures="0" tests="12" name="com.TestNG.ExcuteDPExcelTest" time="0.026" errors="0" timestamp="2023-11-21T10:05:57 IST" skipped="0">
  <testcase classname="com.TestNG.ExcuteDPExcelTest" name="executeData" time="0.001"/>
  <system-out/>
  <testcase classname="com.TestNG.ExcuteDPExcelTest" name="getData" time="0.003"/>
  <system-out/>
  <testcase classname="com.TestNG.ExcuteDPExcelTest" name="executeData" time="0.002"/>
  <system-out/>
  <testcase classname="com.TestNG.ExcuteDPExcelTest" name="getData" time="0.002"/>
  <system-out/>
  <testcase classname="com.TestNG.ExcuteDPExcelTest" name="executeData" time="0.006"/>
  <system-out/>
  <testcase classname="com.TestNG.ExcuteDPExcelTest" name="executeData" time="0.002"/>
  <system-out/>
  <testcase classname="com.TestNG.ExcuteDPExcelTest" name="getData" time="0.001"/>
  <system-out/>
  <testcase classname="com.TestNG.ExcuteDPExcelTest" name="getData" time="0.002"/>
  <system-out/>
  <testcase classname="com.TestNG.ExcuteDPExcelTest" name="getData" time="0.001"/>
  <system-out/>
  <testcase classname="com.TestNG.ExcuteDPExcelTest" name="getData" time="0.001"/>
  <system-out/>
  <testcase classname="com.TestNG.ExcuteDPExcelTest" name="executeData" time="0.002"/>
  <system-out/>
  <testcase classname="com.TestNG.ExcuteDPExcelTest" name="executeData" time="0.003"/>
  <system-out/>
</testsuite> <!-- com.TestNG.ExcuteDPExcelTest -->
