<?xml version="1.0" encoding="UTF-8"?>
<!-- Generated by org.testng.reporters.JUnitReportReporter -->
<testsuite hostname="DESKTOP-56HO2UA" failures="0" tests="4" name="com.TestNG.dataProviderTest" time="0.016" errors="0" timestamp="2023-11-21T09:54:51 IST" skipped="0">
  <testcase classname="com.TestNG.dataProviderTest" name="data" time="0.010"/>
  <system-out/>
  <testcase classname="com.TestNG.dataProviderTest" name="data" time="0.002"/>
  <system-out/>
  <testcase classname="com.TestNG.dataProviderTest" name="getData" time="0.002"/>
  <system-out/>
  <testcase classname="com.TestNG.dataProviderTest" name="getData" time="0.002"/>
  <system-out/>
</testsuite> <!-- com.TestNG.dataProviderTest -->
