<?xml version="1.0" encoding="UTF-8"?>
<!-- Generated by org.testng.reporters.JUnitReportReporter -->
<testsuite hostname="DESKTOP-56HO2UA" failures="0" tests="4" name="com.TestNG.PracticeTestNg2" time="0.020" errors="0" timestamp="2023-11-20T14:47:40 IST" skipped="0">
  <testcase classname="com.TestNG.PracticeTestNg2" name="editTest" time="0.002"/>
  <system-out/>
  <testcase classname="com.TestNG.PracticeTestNg2" name="createTest" time="0.012"/>
  <system-out/>
  <testcase classname="com.TestNG.PracticeTestNg2" name="updateTest" time="0.002"/>
  <system-out/>
  <testcase classname="com.TestNG.PracticeTestNg2" name="deleteTest" time="0.004"/>
  <system-out/>
</testsuite> <!-- com.TestNG.PracticeTestNg2 -->
