<?xml version="1.0" encoding="UTF-8"?>
<!-- Generated by org.testng.reporters.JUnitReportReporter -->
<testsuite hostname="DESKTOP-56HO2UA" failures="0" tests="2" name="com.TestNG.ExceuteDPTest" time="0.009" errors="0" timestamp="2023-11-20T15:53:56 IST" skipped="0">
  <testcase classname="com.TestNG.ExceuteDPTest" name="data" time="0.007"/>
  <system-out/>
  <testcase classname="com.TestNG.ExceuteDPTest" name="data" time="0.002"/>
  <system-out/>
</testsuite> <!-- com.TestNG.ExceuteDPTest -->
