<?xml version="1.0" encoding="UTF-8"?>
<!-- Generated by org.testng.reporters.JUnitReportReporter -->
<testsuite hostname="DESKTOP-56HO2UA" failures="0" tests="2" name="com.TestNG.Sample" time="1.335" errors="0" timestamp="2023-11-22T10:46:14 IST" skipped="0">
  <testcase classname="com.TestNG.Sample" name="sample1" time="0.713"/>
  <system-out/>
  <testcase classname="com.TestNG.Sample" name="sample2" time="0.622"/>
  <system-out/>
</testsuite> <!-- com.TestNG.Sample -->
