<?xml version="1.0" encoding="UTF-8"?>
<!-- Generated by org.testng.reporters.JUnitReportReporter -->
<testsuite hostname="DESKTOP-56HO2UA" failures="0" tests="2" name="com.TestNG.checkOrderOfExecution" time="0.018" errors="0" timestamp="2023-11-20T18:17:47 IST" skipped="0">
  <testcase classname="com.TestNG.checkOrderOfExecution" name="testscript1" time="0.007"/>
  <system-out/>
  <testcase classname="com.TestNG.checkOrderOfExecution" name="testscript" time="0.011"/>
  <system-out/>
</testsuite> <!-- com.TestNG.checkOrderOfExecution -->
